[1218/230613.187:ERROR:process_memory_win.cc(73)] ReadMemory at 0x2806e402120 of 6656 bytes failed: Only part of a ReadProcessMemory or WriteProcessMemory request was completed. (0x12B)
[1218/230613.189:ERROR:process_snapshot_win.cc(322)] failed to read unloaded module data
[1218/230613.197:ERROR:process_memory_win.cc(73)] ReadMemory at 0x2806e3f0660 of 72 bytes failed: Only part of a ReadProcessMemory or WriteProcessMemory request was completed. (0x12B)
[1218/230613.197:WARNING:pe_image_annotations_reader.cc(135)] could not read annotations list object in C:\Program Files (x86)\Google\Chrome\Application\87.0.4280.88\chrome_elf.dll
[1218/230613.198:ERROR:process_memory_win.cc(73)] ReadMemory at 0x2806e428000 of 72 bytes failed: Only part of a ReadProcessMemory or WriteProcessMemory request was completed. (0x12B)
[1218/230613.198:WARNING:pe_image_annotations_reader.cc(135)] could not read annotations list object in C:\Program Files (x86)\Google\Chrome\Application\87.0.4280.88\chrome.dll
[1218/230613.244:ERROR:process_memory_win.cc(73)] ReadMemory at 0x7ff7c3880000 of 64 bytes failed: Only part of a ReadProcessMemory or WriteProcessMemory request was completed. (0x12B)
[1218/230613.244:WARNING:pe_image_reader.cc(340)] could not read dos header from C:\Program Files (x86)\Google\Chrome\Application\chrome.exe
[1218/230613.244:ERROR:process_memory_win.cc(73)] ReadMemory at 0x7ff882620000 of 64 bytes failed: Only part of a ReadProcessMemory or WriteProcessMemory request was completed. (0x12B)
[1218/230613.244:WARNING:pe_image_reader.cc(340)] could not read dos header from C:\Windows\SYSTEM32\ntdll.dll
[1218/230613.244:ERROR:process_memory_win.cc(73)] ReadMemory at 0x7ff880c50000 of 64 bytes failed: Only part of a ReadProcessMemory or WriteProcessMemory request was completed. (0x12B)
[1218/230613.245:WARNING:pe_image_reader.cc(340)] could not read dos header from C:\Windows\System32\KERNEL32.DLL
[1218/230613.245:ERROR:process_memory_win.cc(73)] ReadMemory at 0x7ff880420000 of 64 bytes failed: Only part of a ReadProcessMemory or WriteProcessMemory request was completed. (0x12B)
[1218/230613.245:WARNING:pe_image_reader.cc(340)] could not read dos header from C:\Windows\System32\KERNELBASE.dll
[1218/230613.245:ERROR:process_memory_win.cc(73)] ReadMemory at 0x7ff84f960000 of 64 bytes failed: Only part of a ReadProcessMemory or WriteProcessMemory request was completed. (0x12B)
[1218/230613.245:WARNING:pe_image_reader.cc(340)] could not read dos header from C:\Program Files (x86)\Google\Chrome\Application\87.0.4280.88\chrome_elf.dll
[1218/230613.245:ERROR:process_memory_win.cc(73)] ReadMemory at 0x7ff87a710000 of 64 bytes failed: Only part of a ReadProcessMemory or WriteProcessMemory request was completed. (0x12B)
[1218/230613.245:WARNING:pe_image_reader.cc(340)] could not read dos header from C:\Windows\SYSTEM32\VERSION.dll
[1218/230613.245:ERROR:process_memory_win.cc(73)] ReadMemory at 0x7ff8823a0000 of 64 bytes failed: Only part of a ReadProcessMemory or WriteProcessMemory request was completed. (0x12B)
[1218/230613.245:WARNING:pe_image_reader.cc(340)] could not read dos header from C:\Windows\System32\msvcrt.dll
[1218/230613.245:ERROR:process_memory_win.cc(73)] ReadMemory at 0x7ff87f590000 of 64 bytes failed: Only part of a ReadProcessMemory or WriteProcessMemory request was completed. (0x12B)
[1218/230613.245:WARNING:pe_image_reader.cc(340)] could not read dos header from C:\Windows\System32\bcryptPrimitives.dll
[1218/230613.245:ERROR:process_memory_win.cc(73)] ReadMemory at 0x7ff880f70000 of 64 bytes failed: Only part of a ReadProcessMemory or WriteProcessMemory request was completed. (0x12B)
[1218/230613.245:WARNING:pe_image_reader.cc(340)] could not read dos header from C:\Windows\System32\ADVAPI32.dll
[1218/230613.245:ERROR:process_memory_win.cc(73)] ReadMemory at 0x7ff880830000 of 64 bytes failed: Only part of a ReadProcessMemory or WriteProcessMemory request was completed. (0x12B)
[1218/230613.245:WARNING:pe_image_reader.cc(340)] could not read dos header from C:\Windows\System32\sechost.dll
[1218/230613.245:ERROR:process_memory_win.cc(73)] ReadMemory at 0x7ff880980000 of 64 bytes failed: Only part of a ReadProcessMemory or WriteProcessMemory request was completed. (0x12B)
[1218/230613.245:WARNING:pe_image_reader.cc(340)] could not read dos header from C:\Windows\System32\RPCRT4.dll
[1218/230613.245:ERROR:process_memory_win.cc(73)] ReadMemory at 0x7ff83b960000 of 64 bytes failed: Only part of a ReadProcessMemory or WriteProcessMemory request was completed. (0x12B)
[1218/230613.245:WARNING:pe_image_reader.cc(340)] could not read dos header from C:\Program Files (x86)\Google\Chrome\Application\87.0.4280.88\chrome.dll
[1218/230613.245:ERROR:process_memory_win.cc(73)] ReadMemory at 0x7ff881620000 of 64 bytes failed: Only part of a ReadProcessMemory or WriteProcessMemory request was completed. (0x12B)
[1218/230613.245:WARNING:pe_image_reader.cc(340)] could not read dos header from C:\Windows\System32\WS2_32.dll
[1218/230613.246:ERROR:process_memory_win.cc(73)] ReadMemory at 0x7ff8822a0000 of 64 bytes failed: Only part of a ReadProcessMemory or WriteProcessMemory request was completed. (0x12B)
[1218/230613.246:WARNING:pe_image_reader.cc(340)] could not read dos header from C:\Windows\System32\OLEAUT32.dll
[1218/230613.246:ERROR:process_memory_win.cc(73)] ReadMemory at 0x7ff87f7f0000 of 64 bytes failed: Only part of a ReadProcessMemory or WriteProcessMemory request was completed. (0x12B)
[1218/230613.246:WARNING:pe_image_reader.cc(340)] could not read dos header from C:\Windows\System32\msvcp_win.dll
[1218/230613.246:ERROR:process_memory_win.cc(73)] ReadMemory at 0x7ff87f940000 of 64 bytes failed: Only part of a ReadProcessMemory or WriteProcessMemory request was completed. (0x12B)
[1218/230613.246:WARNING:pe_image_reader.cc(340)] could not read dos header from C:\Windows\System32\ucrtbase.dll
[1218/230613.246:ERROR:process_memory_win.cc(73)] ReadMemory at 0x7ff8812d0000 of 64 bytes failed: Only part of a ReadProcessMemory or WriteProcessMemory request was completed. (0x12B)
[1218/230613.246:WARNING:pe_image_reader.cc(340)] could not read dos header from C:\Windows\System32\combase.dll
[1218/230613.246:ERROR:process_memory_win.cc(73)] ReadMemory at 0x7ff87fbb0000 of 64 bytes failed: Only part of a ReadProcessMemory or WriteProcessMemory request was completed. (0x12B)
[1218/230613.246:WARNING:pe_image_reader.cc(340)] could not read dos header from C:\Windows\System32\WINTRUST.dll
[1218/230613.246:ERROR:process_memory_win.cc(73)] ReadMemory at 0x7ff87f4d0000 of 64 bytes failed: Only part of a ReadProcessMemory or WriteProcessMemory request was completed. (0x12B)
[1218/230613.246:WARNING:pe_image_reader.cc(340)] could not read dos header from C:\Windows\System32\MSASN1.dll
[1218/230613.246:ERROR:process_memory_win.cc(73)] ReadMemory at 0x7ff87fa60000 of 64 bytes failed: Only part of a ReadProcessMemory or WriteProcessMemory request was completed. (0x12B)
[1218/230613.246:WARNING:pe_image_reader.cc(340)] could not read dos header from C:\Windows\System32\CRYPT32.dll
[1218/230613.246:ERROR:process_memory_win.cc(73)] ReadMemory at 0x7ff879840000 of 64 bytes failed: Only part of a ReadProcessMemory or WriteProcessMemory request was completed. (0x12B)
[1218/230613.246:WARNING:pe_image_reader.cc(340)] could not read dos header from C:\Windows\SYSTEM32\dbghelp.dll
[1218/230613.246:ERROR:process_memory_win.cc(73)] ReadMemory at 0x7ff87e9c0000 of 64 bytes failed: Only part of a ReadProcessMemory or WriteProcessMemory request was completed. (0x12B)
[1218/230613.246:WARNING:pe_image_reader.cc(340)] could not read dos header from C:\Windows\SYSTEM32\IPHLPAPI.DLL
[1218/230613.246:ERROR:process_memory_win.cc(73)] ReadMemory at 0x7ff876ad0000 of 64 bytes failed: Only part of a ReadProcessMemory or WriteProcessMemory request was completed. (0x12B)
[1218/230613.246:WARNING:pe_image_reader.cc(340)] could not read dos header from C:\Windows\SYSTEM32\WINMM.dll
[1218/230613.246:ERROR:process_memory_win.cc(73)] ReadMemory at 0x7ff863290000 of 64 bytes failed: Only part of a ReadProcessMemory or WriteProcessMemory request was completed. (0x12B)
[1218/230613.246:WARNING:pe_image_reader.cc(340)] could not read dos header from C:\Windows\SYSTEM32\UIAutomationCore.DLL
[1218/230613.247:ERROR:process_memory_win.cc(73)] ReadMemory at 0x7ff86e330000 of 64 bytes failed: Only part of a ReadProcessMemory or WriteProcessMemory request was completed. (0x12B)
[1218/230613.247:WARNING:pe_image_reader.cc(340)] could not read dos header from C:\Windows\SYSTEM32\Secur32.dll
[1218/230613.247:ERROR:process_memory_win.cc(73)] ReadMemory at 0x7ff87f3e0000 of 64 bytes failed: Only part of a ReadProcessMemory or WriteProcessMemory request was completed. (0x12B)
[1218/230613.247:WARNING:pe_image_reader.cc(340)] could not read dos header from C:\Windows\SYSTEM32\USERENV.dll
[1218/230613.247:ERROR:process_memory_win.cc(73)] ReadMemory at 0x7ff87f560000 of 64 bytes failed: Only part of a ReadProcessMemory or WriteProcessMemory request was completed. (0x12B)
[1218/230613.247:WARNING:pe_image_reader.cc(340)] could not read dos header from C:\Windows\System32\profapi.dll
[1218/230613.247:ERROR:process_memory_win.cc(73)] ReadMemory at 0x7ff876130000 of 64 bytes failed: Only part of a ReadProcessMemory or WriteProcessMemory request was completed. (0x12B)
[1218/230613.247:WARNING:pe_image_reader.cc(340)] could not read dos header from C:\Windows\SYSTEM32\DWrite.dll
[1218/230613.247:ERROR:process_memory_win.cc(73)] ReadMemory at 0x7ff86de60000 of 64 bytes failed: Only part of a ReadProcessMemory or WriteProcessMemory request was completed. (0x12B)
[1218/230613.247:WARNING:pe_image_reader.cc(340)] could not read dos header from C:\Windows\SYSTEM32\WINSPOOL.DRV
[1218/230613.247:ERROR:process_memory_win.cc(73)] ReadMemory at 0x7ff87f4f0000 of 64 bytes failed: Only part of a ReadProcessMemory or WriteProcessMemory request was completed. (0x12B)
[1218/230613.247:WARNING:pe_image_reader.cc(340)] could not read dos header from C:\Windows\System32\kernel.appcore.dll
[1218/230613.247:ERROR:process_memory_win.cc(73)] ReadMemory at 0x7ff8803f0000 of 64 bytes failed: Only part of a ReadProcessMemory or WriteProcessMemory request was completed. (0x12B)
[1218/230613.247:WARNING:pe_image_reader.cc(340)] could not read dos header from C:\Windows\System32\bcrypt.dll
[1218/230613.247:ERROR:process_memory_win.cc(73)] ReadMemory at 0x7ff876d20000 of 64 bytes failed: Only part of a ReadProcessMemory or WriteProcessMemory request was completed. (0x12B)
[1218/230613.247:WARNING:pe_image_reader.cc(340)] could not read dos header from C:\Windows\SYSTEM32\WINHTTP.dll
[1218/230613.247:ERROR:process_memory_win.cc(73)] ReadMemory at 0x7ff879330000 of 64 bytes failed: Only part of a ReadProcessMemory or WriteProcessMemory request was completed. (0x12B)
[1218/230613.247:WARNING:pe_image_reader.cc(340)] could not read dos header from C:\Windows\SYSTEM32\dhcpcsvc.DLL
[1218/230613.247:ERROR:process_memory_win.cc(73)] ReadMemory at 0x7ff881610000 of 64 bytes failed: Only part of a ReadProcessMemory or WriteProcessMemory request was completed. (0x12B)
[1218/230613.247:WARNING:pe_image_reader.cc(340)] could not read dos header from C:\Windows\System32\NSI.dll
[1218/230613.247:ERROR:process_memory_win.cc(73)] ReadMemory at 0x7ff876890000 of 64 bytes failed: Only part of a ReadProcessMemory or WriteProcessMemory request was completed. (0x12B)
[1218/230613.247:WARNING:pe_image_reader.cc(340)] could not read dos header from C:\Windows\SYSTEM32\WINMMBASE.dll
[1218/230613.248:ERROR:process_memory_win.cc(73)] ReadMemory at 0x7ff87fc10000 of 64 bytes failed: Only part of a ReadProcessMemory or WriteProcessMemory request was completed. (0x12B)
[1218/230613.248:WARNING:pe_image_reader.cc(340)] could not read dos header from C:\Windows\System32\cfgmgr32.dll
[1218/230613.248:ERROR:process_memory_win.cc(73)] ReadMemory at 0x7ff87bee0000 of 64 bytes failed: Only part of a ReadProcessMemory or WriteProcessMemory request was completed. (0x12B)
[1218/230613.248:WARNING:pe_image_reader.cc(340)] could not read dos header from C:\Windows\SYSTEM32\PROPSYS.dll
[1218/230613.248:ERROR:process_memory_win.cc(73)] ReadMemory at 0x7ff8808d0000 of 64 bytes failed: Only part of a ReadProcessMemory or WriteProcessMemory request was completed. (0x12B)
[1218/230613.248:WARNING:pe_image_reader.cc(340)] could not read dos header from C:\Windows\System32\shcore.dll
[1218/230613.248:ERROR:process_memory_win.cc(73)] ReadMemory at 0x7ff87f3a0000 of 64 bytes failed: Only part of a ReadProcessMemory or WriteProcessMemory request was completed. (0x12B)
[1218/230613.248:WARNING:pe_image_reader.cc(340)] could not read dos header from C:\Windows\SYSTEM32\SSPICLI.DLL
[1218/230613.248:ERROR:process_memory_win.cc(73)] ReadMemory at 0x7ff87ee80000 of 64 bytes failed: Only part of a ReadProcessMemory or WriteProcessMemory request was completed. (0x12B)
[1218/230613.248:WARNING:pe_image_reader.cc(340)] could not read dos header from C:\Windows\SYSTEM32\CRYPTBASE.DLL
[1218/230613.252:ERROR:process_memory_win.cc(73)] ReadMemory at 0x7ff7c3880000 of 64 bytes failed: Only part of a ReadProcessMemory or WriteProcessMemory request was completed. (0x12B)
[1218/230613.252:WARNING:pe_image_reader.cc(340)] could not read dos header from C:\Program Files (x86)\Google\Chrome\Application\chrome.exe
[1218/230613.252:ERROR:process_memory_win.cc(73)] ReadMemory at 0x7ff882620000 of 64 bytes failed: Only part of a ReadProcessMemory or WriteProcessMemory request was completed. (0x12B)
[1218/230613.252:WARNING:pe_image_reader.cc(340)] could not read dos header from C:\Windows\SYSTEM32\ntdll.dll
[1218/230613.252:ERROR:process_memory_win.cc(73)] ReadMemory at 0x7ff880c50000 of 64 bytes failed: Only part of a ReadProcessMemory or WriteProcessMemory request was completed. (0x12B)
[1218/230613.252:WARNING:pe_image_reader.cc(340)] could not read dos header from C:\Windows\System32\KERNEL32.DLL
[1218/230613.252:ERROR:process_memory_win.cc(73)] ReadMemory at 0x7ff880420000 of 64 bytes failed: Only part of a ReadProcessMemory or WriteProcessMemory request was completed. (0x12B)
[1218/230613.252:WARNING:pe_image_reader.cc(340)] could not read dos header from C:\Windows\System32\KERNELBASE.dll
[1218/230613.252:ERROR:process_memory_win.cc(73)] ReadMemory at 0x7ff84f960000 of 64 bytes failed: Only part of a ReadProcessMemory or WriteProcessMemory request was completed. (0x12B)
[1218/230613.252:WARNING:pe_image_reader.cc(340)] could not read dos header from C:\Program Files (x86)\Google\Chrome\Application\87.0.4280.88\chrome_elf.dll
[1218/230613.252:ERROR:process_memory_win.cc(73)] ReadMemory at 0x7ff87a710000 of 64 bytes failed: Only part of a ReadProcessMemory or WriteProcessMemory request was completed. (0x12B)
[1218/230613.252:WARNING:pe_image_reader.cc(340)] could not read dos header from C:\Windows\SYSTEM32\VERSION.dll
[1218/230613.252:ERROR:process_memory_win.cc(73)] ReadMemory at 0x7ff8823a0000 of 64 bytes failed: Only part of a ReadProcessMemory or WriteProcessMemory request was completed. (0x12B)
[1218/230613.252:WARNING:pe_image_reader.cc(340)] could not read dos header from C:\Windows\System32\msvcrt.dll
[1218/230613.252:ERROR:process_memory_win.cc(73)] ReadMemory at 0x7ff87f590000 of 64 bytes failed: Only part of a ReadProcessMemory or WriteProcessMemory request was completed. (0x12B)
[1218/230613.252:WARNING:pe_image_reader.cc(340)] could not read dos header from C:\Windows\System32\bcryptPrimitives.dll
[1218/230613.252:ERROR:process_memory_win.cc(73)] ReadMemory at 0x7ff880f70000 of 64 bytes failed: Only part of a ReadProcessMemory or WriteProcessMemory request was completed. (0x12B)
[1218/230613.253:WARNING:pe_image_reader.cc(340)] could not read dos header from C:\Windows\System32\ADVAPI32.dll
[1218/230613.253:ERROR:process_memory_win.cc(73)] ReadMemory at 0x7ff880830000 of 64 bytes failed: Only part of a ReadProcessMemory or WriteProcessMemory request was completed. (0x12B)
[1218/230613.253:WARNING:pe_image_reader.cc(340)] could not read dos header from C:\Windows\System32\sechost.dll
[1218/230613.253:ERROR:process_memory_win.cc(73)] ReadMemory at 0x7ff880980000 of 64 bytes failed: Only part of a ReadProcessMemory or WriteProcessMemory request was completed. (0x12B)
[1218/230613.253:WARNING:pe_image_reader.cc(340)] could not read dos header from C:\Windows\System32\RPCRT4.dll
[1218/230613.253:ERROR:process_memory_win.cc(73)] ReadMemory at 0x7ff83b960000 of 64 bytes failed: Only part of a ReadProcessMemory or WriteProcessMemory request was completed. (0x12B)
[1218/230613.253:WARNING:pe_image_reader.cc(340)] could not read dos header from C:\Program Files (x86)\Google\Chrome\Application\87.0.4280.88\chrome.dll
[1218/230613.253:ERROR:process_memory_win.cc(73)] ReadMemory at 0x7ff881620000 of 64 bytes failed: Only part of a ReadProcessMemory or WriteProcessMemory request was completed. (0x12B)
[1218/230613.253:WARNING:pe_image_reader.cc(340)] could not read dos header from C:\Windows\System32\WS2_32.dll
[1218/230613.253:ERROR:process_memory_win.cc(73)] ReadMemory at 0x7ff8822a0000 of 64 bytes failed: Only part of a ReadProcessMemory or WriteProcessMemory request was completed. (0x12B)
[1218/230613.253:WARNING:pe_image_reader.cc(340)] could not read dos header from C:\Windows\System32\OLEAUT32.dll
[1218/230613.253:ERROR:process_memory_win.cc(73)] ReadMemory at 0x7ff87f7f0000 of 64 bytes failed: Only part of a ReadProcessMemory or WriteProcessMemory request was completed. (0x12B)
[1218/230613.253:WARNING:pe_image_reader.cc(340)] could not read dos header from C:\Windows\System32\msvcp_win.dll
[1218/230613.253:ERROR:process_memory_win.cc(73)] ReadMemory at 0x7ff87f940000 of 64 bytes failed: Only part of a ReadProcessMemory or WriteProcessMemory request was completed. (0x12B)
[1218/230613.253:WARNING:pe_image_reader.cc(340)] could not read dos header from C:\Windows\System32\ucrtbase.dll
[1218/230613.253:ERROR:process_memory_win.cc(73)] ReadMemory at 0x7ff8812d0000 of 64 bytes failed: Only part of a ReadProcessMemory or WriteProcessMemory request was completed. (0x12B)
[1218/230613.253:WARNING:pe_image_reader.cc(340)] could not read dos header from C:\Windows\System32\combase.dll
[1218/230613.253:ERROR:process_memory_win.cc(73)] ReadMemory at 0x7ff87fbb0000 of 64 bytes failed: Only part of a ReadProcessMemory or WriteProcessMemory request was completed. (0x12B)
[1218/230613.253:WARNING:pe_image_reader.cc(340)] could not read dos header from C:\Windows\System32\WINTRUST.dll
[1218/230613.253:ERROR:process_memory_win.cc(73)] ReadMemory at 0x7ff87f4d0000 of 64 bytes failed: Only part of a ReadProcessMemory or WriteProcessMemory request was completed. (0x12B)
[1218/230613.253:WARNING:pe_image_reader.cc(340)] could not read dos header from C:\Windows\System32\MSASN1.dll
[1218/230613.253:ERROR:process_memory_win.cc(73)] ReadMemory at 0x7ff87fa60000 of 64 bytes failed: Only part of a ReadProcessMemory or WriteProcessMemory request was completed. (0x12B)
[1218/230613.254:WARNING:pe_image_reader.cc(340)] could not read dos header from C:\Windows\System32\CRYPT32.dll
[1218/230613.254:ERROR:process_memory_win.cc(73)] ReadMemory at 0x7ff879840000 of 64 bytes failed: Only part of a ReadProcessMemory or WriteProcessMemory request was completed. (0x12B)
[1218/230613.254:WARNING:pe_image_reader.cc(340)] could not read dos header from C:\Windows\SYSTEM32\dbghelp.dll
[1218/230613.254:ERROR:process_memory_win.cc(73)] ReadMemory at 0x7ff87e9c0000 of 64 bytes failed: Only part of a ReadProcessMemory or WriteProcessMemory request was completed. (0x12B)
[1218/230613.254:WARNING:pe_image_reader.cc(340)] could not read dos header from C:\Windows\SYSTEM32\IPHLPAPI.DLL
[1218/230613.254:ERROR:process_memory_win.cc(73)] ReadMemory at 0x7ff876ad0000 of 64 bytes failed: Only part of a ReadProcessMemory or WriteProcessMemory request was completed. (0x12B)
[1218/230613.254:WARNING:pe_image_reader.cc(340)] could not read dos header from C:\Windows\SYSTEM32\WINMM.dll
[1218/230613.254:ERROR:process_memory_win.cc(73)] ReadMemory at 0x7ff863290000 of 64 bytes failed: Only part of a ReadProcessMemory or WriteProcessMemory request was completed. (0x12B)
[1218/230613.254:WARNING:pe_image_reader.cc(340)] could not read dos header from C:\Windows\SYSTEM32\UIAutomationCore.DLL
[1218/230613.254:ERROR:process_memory_win.cc(73)] ReadMemory at 0x7ff86e330000 of 64 bytes failed: Only part of a ReadProcessMemory or WriteProcessMemory request was completed. (0x12B)
[1218/230613.254:WARNING:pe_image_reader.cc(340)] could not read dos header from C:\Windows\SYSTEM32\Secur32.dll
[1218/230613.254:ERROR:process_memory_win.cc(73)] ReadMemory at 0x7ff87f3e0000 of 64 bytes failed: Only part of a ReadProcessMemory or WriteProcessMemory request was completed. (0x12B)
[1218/230613.254:WARNING:pe_image_reader.cc(340)] could not read dos header from C:\Windows\SYSTEM32\USERENV.dll
[1218/230613.254:ERROR:process_memory_win.cc(73)] ReadMemory at 0x7ff87f560000 of 64 bytes failed: Only part of a ReadProcessMemory or WriteProcessMemory request was completed. (0x12B)
[1218/230613.254:WARNING:pe_image_reader.cc(340)] could not read dos header from C:\Windows\System32\profapi.dll
[1218/230613.254:ERROR:process_memory_win.cc(73)] ReadMemory at 0x7ff876130000 of 64 bytes failed: Only part of a ReadProcessMemory or WriteProcessMemory request was completed. (0x12B)
[1218/230613.254:WARNING:pe_image_reader.cc(340)] could not read dos header from C:\Windows\SYSTEM32\DWrite.dll
[1218/230613.254:ERROR:process_memory_win.cc(73)] ReadMemory at 0x7ff86de60000 of 64 bytes failed: Only part of a ReadProcessMemory or WriteProcessMemory request was completed. (0x12B)
[1218/230613.254:WARNING:pe_image_reader.cc(340)] could not read dos header from C:\Windows\SYSTEM32\WINSPOOL.DRV
[1218/230613.254:ERROR:process_memory_win.cc(73)] ReadMemory at 0x7ff87f4f0000 of 64 bytes failed: Only part of a ReadProcessMemory or WriteProcessMemory request was completed. (0x12B)
[1218/230613.254:WARNING:pe_image_reader.cc(340)] could not read dos header from C:\Windows\System32\kernel.appcore.dll
[1218/230613.255:ERROR:process_memory_win.cc(73)] ReadMemory at 0x7ff8803f0000 of 64 bytes failed: Only part of a ReadProcessMemory or WriteProcessMemory request was completed. (0x12B)
[1218/230613.255:WARNING:pe_image_reader.cc(340)] could not read dos header from C:\Windows\System32\bcrypt.dll
[1218/230613.255:ERROR:process_memory_win.cc(73)] ReadMemory at 0x7ff876d20000 of 64 bytes failed: Only part of a ReadProcessMemory or WriteProcessMemory request was completed. (0x12B)
[1218/230613.255:WARNING:pe_image_reader.cc(340)] could not read dos header from C:\Windows\SYSTEM32\WINHTTP.dll
[1218/230613.255:ERROR:process_memory_win.cc(73)] ReadMemory at 0x7ff879330000 of 64 bytes failed: Only part of a ReadProcessMemory or WriteProcessMemory request was completed. (0x12B)
[1218/230613.255:WARNING:pe_image_reader.cc(340)] could not read dos header from C:\Windows\SYSTEM32\dhcpcsvc.DLL
[1218/230613.255:ERROR:process_memory_win.cc(73)] ReadMemory at 0x7ff881610000 of 64 bytes failed: Only part of a ReadProcessMemory or WriteProcessMemory request was completed. (0x12B)
[1218/230613.255:WARNING:pe_image_reader.cc(340)] could not read dos header from C:\Windows\System32\NSI.dll
[1218/230613.255:ERROR:process_memory_win.cc(73)] ReadMemory at 0x7ff876890000 of 64 bytes failed: Only part of a ReadProcessMemory or WriteProcessMemory request was completed. (0x12B)
[1218/230613.255:WARNING:pe_image_reader.cc(340)] could not read dos header from C:\Windows\SYSTEM32\WINMMBASE.dll
[1218/230613.255:ERROR:process_memory_win.cc(73)] ReadMemory at 0x7ff87fc10000 of 64 bytes failed: Only part of a ReadProcessMemory or WriteProcessMemory request was completed. (0x12B)
[1218/230613.255:WARNING:pe_image_reader.cc(340)] could not read dos header from C:\Windows\System32\cfgmgr32.dll
[1218/230613.255:ERROR:process_memory_win.cc(73)] ReadMemory at 0x7ff87bee0000 of 64 bytes failed: Only part of a ReadProcessMemory or WriteProcessMemory request was completed. (0x12B)
[1218/230613.255:WARNING:pe_image_reader.cc(340)] could not read dos header from C:\Windows\SYSTEM32\PROPSYS.dll
[1218/230613.255:ERROR:process_memory_win.cc(73)] ReadMemory at 0x7ff8808d0000 of 64 bytes failed: Only part of a ReadProcessMemory or WriteProcessMemory request was completed. (0x12B)
[1218/230613.255:WARNING:pe_image_reader.cc(340)] could not read dos header from C:\Windows\System32\shcore.dll
[1218/230613.255:ERROR:process_memory_win.cc(73)] ReadMemory at 0x7ff87f3a0000 of 64 bytes failed: Only part of a ReadProcessMemory or WriteProcessMemory request was completed. (0x12B)
[1218/230613.255:WARNING:pe_image_reader.cc(340)] could not read dos header from C:\Windows\SYSTEM32\SSPICLI.DLL
[1218/230613.256:ERROR:process_memory_win.cc(73)] ReadMemory at 0x7ff87ee80000 of 64 bytes failed: Only part of a ReadProcessMemory or WriteProcessMemory request was completed. (0x12B)
[1218/230613.256:WARNING:pe_image_reader.cc(340)] could not read dos header from C:\Windows\SYSTEM32\CRYPTBASE.DLL
[1218/230613.256:ERROR:process_memory_win.cc(73)] ReadMemory at 0x7ff7c3880000 of 64 bytes failed: Only part of a ReadProcessMemory or WriteProcessMemory request was completed. (0x12B)
[1218/230613.256:WARNING:pe_image_reader.cc(340)] could not read dos header from C:\Program Files (x86)\Google\Chrome\Application\chrome.exe
[1218/230613.256:ERROR:process_memory_win.cc(73)] ReadMemory at 0x7ff882620000 of 64 bytes failed: Only part of a ReadProcessMemory or WriteProcessMemory request was completed. (0x12B)
[1218/230613.256:WARNING:pe_image_reader.cc(340)] could not read dos header from C:\Windows\SYSTEM32\ntdll.dll
[1218/230613.256:ERROR:process_memory_win.cc(73)] ReadMemory at 0x7ff880c50000 of 64 bytes failed: Only part of a ReadProcessMemory or WriteProcessMemory request was completed. (0x12B)
[1218/230613.256:WARNING:pe_image_reader.cc(340)] could not read dos header from C:\Windows\System32\KERNEL32.DLL
[1218/230613.256:ERROR:process_memory_win.cc(73)] ReadMemory at 0x7ff880420000 of 64 bytes failed: Only part of a ReadProcessMemory or WriteProcessMemory request was completed. (0x12B)
[1218/230613.256:WARNING:pe_image_reader.cc(340)] could not read dos header from C:\Windows\System32\KERNELBASE.dll
[1218/230613.256:ERROR:process_memory_win.cc(73)] ReadMemory at 0x7ff84f960000 of 64 bytes failed: Only part of a ReadProcessMemory or WriteProcessMemory request was completed. (0x12B)
[1218/230613.256:WARNING:pe_image_reader.cc(340)] could not read dos header from C:\Program Files (x86)\Google\Chrome\Application\87.0.4280.88\chrome_elf.dll
[1218/230613.256:ERROR:process_memory_win.cc(73)] ReadMemory at 0x7ff87a710000 of 64 bytes failed: Only part of a ReadProcessMemory or WriteProcessMemory request was completed. (0x12B)
[1218/230613.256:WARNING:pe_image_reader.cc(340)] could not read dos header from C:\Windows\SYSTEM32\VERSION.dll
[1218/230613.256:ERROR:process_memory_win.cc(73)] ReadMemory at 0x7ff8823a0000 of 64 bytes failed: Only part of a ReadProcessMemory or WriteProcessMemory request was completed. (0x12B)
[1218/230613.256:WARNING:pe_image_reader.cc(340)] could not read dos header from C:\Windows\System32\msvcrt.dll
[1218/230613.257:ERROR:process_memory_win.cc(73)] ReadMemory at 0x7ff87f590000 of 64 bytes failed: Only part of a ReadProcessMemory or WriteProcessMemory request was completed. (0x12B)
[1218/230613.257:WARNING:pe_image_reader.cc(340)] could not read dos header from C:\Windows\System32\bcryptPrimitives.dll
[1218/230613.257:ERROR:process_memory_win.cc(73)] ReadMemory at 0x7ff880f70000 of 64 bytes failed: Only part of a ReadProcessMemory or WriteProcessMemory request was completed. (0x12B)
[1218/230613.257:WARNING:pe_image_reader.cc(340)] could not read dos header from C:\Windows\System32\ADVAPI32.dll
[1218/230613.257:ERROR:process_memory_win.cc(73)] ReadMemory at 0x7ff880830000 of 64 bytes failed: Only part of a ReadProcessMemory or WriteProcessMemory request was completed. (0x12B)
[1218/230613.257:WARNING:pe_image_reader.cc(340)] could not read dos header from C:\Windows\System32\sechost.dll
[1218/230613.257:ERROR:process_memory_win.cc(73)] ReadMemory at 0x7ff880980000 of 64 bytes failed: Only part of a ReadProcessMemory or WriteProcessMemory request was completed. (0x12B)
[1218/230613.257:WARNING:pe_image_reader.cc(340)] could not read dos header from C:\Windows\System32\RPCRT4.dll
[1218/230613.257:ERROR:process_memory_win.cc(73)] ReadMemory at 0x7ff83b960000 of 64 bytes failed: Only part of a ReadProcessMemory or WriteProcessMemory request was completed. (0x12B)
[1218/230613.257:WARNING:pe_image_reader.cc(340)] could not read dos header from C:\Program Files (x86)\Google\Chrome\Application\87.0.4280.88\chrome.dll
[1218/230613.257:ERROR:process_memory_win.cc(73)] ReadMemory at 0x7ff881620000 of 64 bytes failed: Only part of a ReadProcessMemory or WriteProcessMemory request was completed. (0x12B)
[1218/230613.257:WARNING:pe_image_reader.cc(340)] could not read dos header from C:\Windows\System32\WS2_32.dll
[1218/230613.258:ERROR:process_memory_win.cc(73)] ReadMemory at 0x7ff8822a0000 of 64 bytes failed: Only part of a ReadProcessMemory or WriteProcessMemory request was completed. (0x12B)
[1218/230613.258:WARNING:pe_image_reader.cc(340)] could not read dos header from C:\Windows\System32\OLEAUT32.dll
[1218/230613.258:ERROR:process_memory_win.cc(73)] ReadMemory at 0x7ff87f7f0000 of 64 bytes failed: Only part of a ReadProcessMemory or WriteProcessMemory request was completed. (0x12B)
[1218/230613.258:WARNING:pe_image_reader.cc(340)] could not read dos header from C:\Windows\System32\msvcp_win.dll
[1218/230613.258:ERROR:process_memory_win.cc(73)] ReadMemory at 0x7ff87f940000 of 64 bytes failed: Only part of a ReadProcessMemory or WriteProcessMemory request was completed. (0x12B)
[1218/230613.258:WARNING:pe_image_reader.cc(340)] could not read dos header from C:\Windows\System32\ucrtbase.dll
[1218/230613.258:ERROR:process_memory_win.cc(73)] ReadMemory at 0x7ff8812d0000 of 64 bytes failed: Only part of a ReadProcessMemory or WriteProcessMemory request was completed. (0x12B)
[1218/230613.258:WARNING:pe_image_reader.cc(340)] could not read dos header from C:\Windows\System32\combase.dll
[1218/230613.258:ERROR:process_memory_win.cc(73)] ReadMemory at 0x7ff87fbb0000 of 64 bytes failed: Only part of a ReadProcessMemory or WriteProcessMemory request was completed. (0x12B)
[1218/230613.258:WARNING:pe_image_reader.cc(340)] could not read dos header from C:\Windows\System32\WINTRUST.dll
[1218/230613.259:ERROR:process_memory_win.cc(73)] ReadMemory at 0x7ff87f4d0000 of 64 bytes failed: Only part of a ReadProcessMemory or WriteProcessMemory request was completed. (0x12B)
[1218/230613.259:WARNING:pe_image_reader.cc(340)] could not read dos header from C:\Windows\System32\MSASN1.dll
[1218/230613.259:ERROR:process_memory_win.cc(73)] ReadMemory at 0x7ff87fa60000 of 64 bytes failed: Only part of a ReadProcessMemory or WriteProcessMemory request was completed. (0x12B)
[1218/230613.259:WARNING:pe_image_reader.cc(340)] could not read dos header from C:\Windows\System32\CRYPT32.dll
[1218/230613.259:ERROR:process_memory_win.cc(73)] ReadMemory at 0x7ff879840000 of 64 bytes failed: Only part of a ReadProcessMemory or WriteProcessMemory request was completed. (0x12B)
[1218/230613.259:WARNING:pe_image_reader.cc(340)] could not read dos header from C:\Windows\SYSTEM32\dbghelp.dll
[1218/230613.259:ERROR:process_memory_win.cc(73)] ReadMemory at 0x7ff87e9c0000 of 64 bytes failed: Only part of a ReadProcessMemory or WriteProcessMemory request was completed. (0x12B)
[1218/230613.259:WARNING:pe_image_reader.cc(340)] could not read dos header from C:\Windows\SYSTEM32\IPHLPAPI.DLL
[1218/230613.259:ERROR:process_memory_win.cc(73)] ReadMemory at 0x7ff876ad0000 of 64 bytes failed: Only part of a ReadProcessMemory or WriteProcessMemory request was completed. (0x12B)
[1218/230613.259:WARNING:pe_image_reader.cc(340)] could not read dos header from C:\Windows\SYSTEM32\WINMM.dll
[1218/230613.259:ERROR:process_memory_win.cc(73)] ReadMemory at 0x7ff863290000 of 64 bytes failed: Only part of a ReadProcessMemory or WriteProcessMemory request was completed. (0x12B)
[1218/230613.259:WARNING:pe_image_reader.cc(340)] could not read dos header from C:\Windows\SYSTEM32\UIAutomationCore.DLL
[1218/230613.259:ERROR:process_memory_win.cc(73)] ReadMemory at 0x7ff86e330000 of 64 bytes failed: Only part of a ReadProcessMemory or WriteProcessMemory request was completed. (0x12B)
[1218/230613.259:WARNING:pe_image_reader.cc(340)] could not read dos header from C:\Windows\SYSTEM32\Secur32.dll
[1218/230613.259:ERROR:process_memory_win.cc(73)] ReadMemory at 0x7ff87f3e0000 of 64 bytes failed: Only part of a ReadProcessMemory or WriteProcessMemory request was completed. (0x12B)
[1218/230613.259:WARNING:pe_image_reader.cc(340)] could not read dos header from C:\Windows\SYSTEM32\USERENV.dll
[1218/230613.259:ERROR:process_memory_win.cc(73)] ReadMemory at 0x7ff87f560000 of 64 bytes failed: Only part of a ReadProcessMemory or WriteProcessMemory request was completed. (0x12B)
[1218/230613.259:WARNING:pe_image_reader.cc(340)] could not read dos header from C:\Windows\System32\profapi.dll
[1218/230613.259:ERROR:process_memory_win.cc(73)] ReadMemory at 0x7ff876130000 of 64 bytes failed: Only part of a ReadProcessMemory or WriteProcessMemory request was completed. (0x12B)
[1218/230613.259:WARNING:pe_image_reader.cc(340)] could not read dos header from C:\Windows\SYSTEM32\DWrite.dll
[1218/230613.259:ERROR:process_memory_win.cc(73)] ReadMemory at 0x7ff86de60000 of 64 bytes failed: Only part of a ReadProcessMemory or WriteProcessMemory request was completed. (0x12B)
[1218/230613.259:WARNING:pe_image_reader.cc(340)] could not read dos header from C:\Windows\SYSTEM32\WINSPOOL.DRV
[1218/230613.260:ERROR:process_memory_win.cc(73)] ReadMemory at 0x7ff87f4f0000 of 64 bytes failed: Only part of a ReadProcessMemory or WriteProcessMemory request was completed. (0x12B)
[1218/230613.260:WARNING:pe_image_reader.cc(340)] could not read dos header from C:\Windows\System32\kernel.appcore.dll
[1218/230613.260:ERROR:process_memory_win.cc(73)] ReadMemory at 0x7ff8803f0000 of 64 bytes failed: Only part of a ReadProcessMemory or WriteProcessMemory request was completed. (0x12B)
[1218/230613.260:WARNING:pe_image_reader.cc(340)] could not read dos header from C:\Windows\System32\bcrypt.dll
[1218/230613.260:ERROR:process_memory_win.cc(73)] ReadMemory at 0x7ff876d20000 of 64 bytes failed: Only part of a ReadProcessMemory or WriteProcessMemory request was completed. (0x12B)
[1218/230613.260:WARNING:pe_image_reader.cc(340)] could not read dos header from C:\Windows\SYSTEM32\WINHTTP.dll
[1218/230613.260:ERROR:process_memory_win.cc(73)] ReadMemory at 0x7ff879330000 of 64 bytes failed: Only part of a ReadProcessMemory or WriteProcessMemory request was completed. (0x12B)
[1218/230613.260:WARNING:pe_image_reader.cc(340)] could not read dos header from C:\Windows\SYSTEM32\dhcpcsvc.DLL
[1218/230613.260:ERROR:process_memory_win.cc(73)] ReadMemory at 0x7ff881610000 of 64 bytes failed: Only part of a ReadProcessMemory or WriteProcessMemory request was completed. (0x12B)
[1218/230613.260:WARNING:pe_image_reader.cc(340)] could not read dos header from C:\Windows\System32\NSI.dll
[1218/230613.260:ERROR:process_memory_win.cc(73)] ReadMemory at 0x7ff876890000 of 64 bytes failed: Only part of a ReadProcessMemory or WriteProcessMemory request was completed. (0x12B)
[1218/230613.260:WARNING:pe_image_reader.cc(340)] could not read dos header from C:\Windows\SYSTEM32\WINMMBASE.dll
[1218/230613.260:ERROR:process_memory_win.cc(73)] ReadMemory at 0x7ff87fc10000 of 64 bytes failed: Only part of a ReadProcessMemory or WriteProcessMemory request was completed. (0x12B)
[1218/230613.260:WARNING:pe_image_reader.cc(340)] could not read dos header from C:\Windows\System32\cfgmgr32.dll
[1218/230613.260:ERROR:process_memory_win.cc(73)] ReadMemory at 0x7ff87bee0000 of 64 bytes failed: Only part of a ReadProcessMemory or WriteProcessMemory request was completed. (0x12B)
[1218/230613.260:WARNING:pe_image_reader.cc(340)] could not read dos header from C:\Windows\SYSTEM32\PROPSYS.dll
[1218/230613.261:ERROR:process_memory_win.cc(73)] ReadMemory at 0x7ff8808d0000 of 64 bytes failed: Only part of a ReadProcessMemory or WriteProcessMemory request was completed. (0x12B)
[1218/230613.261:WARNING:pe_image_reader.cc(340)] could not read dos header from C:\Windows\System32\shcore.dll
[1218/230613.261:ERROR:process_memory_win.cc(73)] ReadMemory at 0x7ff87f3a0000 of 64 bytes failed: Only part of a ReadProcessMemory or WriteProcessMemory request was completed. (0x12B)
[1218/230613.261:WARNING:pe_image_reader.cc(340)] could not read dos header from C:\Windows\SYSTEM32\SSPICLI.DLL
[1218/230613.261:ERROR:process_memory_win.cc(73)] ReadMemory at 0x7ff87ee80000 of 64 bytes failed: Only part of a ReadProcessMemory or WriteProcessMemory request was completed. (0x12B)
[1218/230613.261:WARNING:pe_image_reader.cc(340)] could not read dos header from C:\Windows\SYSTEM32\CRYPTBASE.DLL
[1218/230613.270:ERROR:process_memory_win.cc(73)] ReadMemory at 0xdd445f4000 of 49152 bytes failed: Only part of a ReadProcessMemory or WriteProcessMemory request was completed. (0x12B)
[1218/230613.270:ERROR:process_memory_win.cc(73)] ReadMemory at 0xdd44dfe000 of 8192 bytes failed: Only part of a ReadProcessMemory or WriteProcessMemory request was completed. (0x12B)
[1218/230613.270:ERROR:process_memory_win.cc(73)] ReadMemory at 0xdd455fd000 of 12288 bytes failed: Only part of a ReadProcessMemory or WriteProcessMemory request was completed. (0x12B)
[1218/230613.270:ERROR:process_memory_win.cc(73)] ReadMemory at 0xdd45dfe000 of 8192 bytes failed: Only part of a ReadProcessMemory or WriteProcessMemory request was completed. (0x12B)
[1218/230613.270:ERROR:process_memory_win.cc(73)] ReadMemory at 0xdd465fc000 of 16384 bytes failed: Only part of a ReadProcessMemory or WriteProcessMemory request was completed. (0x12B)
[1218/230613.270:ERROR:process_memory_win.cc(73)] ReadMemory at 0xdd46dff000 of 4096 bytes failed: Only part of a ReadProcessMemory or WriteProcessMemory request was completed. (0x12B)
[1218/230613.270:ERROR:process_memory_win.cc(73)] ReadMemory at 0xdd475fe000 of 8192 bytes failed: Only part of a ReadProcessMemory or WriteProcessMemory request was completed. (0x12B)
[1218/230613.271:ERROR:process_memory_win.cc(73)] ReadMemory at 0xdd47dfe000 of 8192 bytes failed: Only part of a ReadProcessMemory or WriteProcessMemory request was completed. (0x12B)
[1218/230613.271:ERROR:process_memory_win.cc(73)] ReadMemory at 0xdd485fd000 of 12288 bytes failed: Only part of a ReadProcessMemory or WriteProcessMemory request was completed. (0x12B)
[1218/230613.271:ERROR:process_memory_win.cc(73)] ReadMemory at 0xdd48dfe000 of 8192 bytes failed: Only part of a ReadProcessMemory or WriteProcessMemory request was completed. (0x12B)
[1218/230613.271:ERROR:process_memory_win.cc(73)] ReadMemory at 0xdd495fe000 of 8192 bytes failed: Only part of a ReadProcessMemory or WriteProcessMemory request was completed. (0x12B)
[1218/230613.271:ERROR:process_memory_win.cc(73)] ReadMemory at 0xdd49dfe000 of 8192 bytes failed: Only part of a ReadProcessMemory or WriteProcessMemory request was completed. (0x12B)
[1218/230613.271:ERROR:process_memory_win.cc(73)] ReadMemory at 0xdd4a5fe000 of 8192 bytes failed: Only part of a ReadProcessMemory or WriteProcessMemory request was completed. (0x12B)
[1218/230613.271:ERROR:process_memory_win.cc(73)] ReadMemory at 0xdd4adfe000 of 8192 bytes failed: Only part of a ReadProcessMemory or WriteProcessMemory request was completed. (0x12B)
[1218/230613.271:ERROR:process_memory_win.cc(73)] ReadMemory at 0xdd4b5fe000 of 8192 bytes failed: Only part of a ReadProcessMemory or WriteProcessMemory request was completed. (0x12B)
[1218/230613.272:ERROR:process_memory_win.cc(73)] ReadMemory at 0xdd4bdfe000 of 8192 bytes failed: Only part of a ReadProcessMemory or WriteProcessMemory request was completed. (0x12B)
[1218/230613.272:ERROR:process_memory_win.cc(73)] ReadMemory at 0xdd43c97000 of 852 bytes failed: Only part of a ReadProcessMemory or WriteProcessMemory request was completed. (0x12B)
[1218/230613.272:ERROR:process_memory_win.cc(73)] ReadMemory at 0xdd43c98000 of 6024 bytes failed: Only part of a ReadProcessMemory or WriteProcessMemory request was completed. (0x12B)
[1218/230613.272:ERROR:process_memory_win.cc(73)] ReadMemory at 0xdd43c9a000 of 6024 bytes failed: Only part of a ReadProcessMemory or WriteProcessMemory request was completed. (0x12B)
[1218/230613.272:ERROR:process_memory_win.cc(73)] ReadMemory at 0xdd43c9c000 of 6024 bytes failed: Only part of a ReadProcessMemory or WriteProcessMemory request was completed. (0x12B)
[1218/230613.272:ERROR:process_memory_win.cc(73)] ReadMemory at 0xdd43c9e000 of 6024 bytes failed: Only part of a ReadProcessMemory or WriteProcessMemory request was completed. (0x12B)
[1218/230613.272:ERROR:process_memory_win.cc(73)] ReadMemory at 0xdd43ca0000 of 6024 bytes failed: Only part of a ReadProcessMemory or WriteProcessMemory request was completed. (0x12B)
[1218/230613.272:ERROR:process_memory_win.cc(73)] ReadMemory at 0xdd43ca2000 of 6024 bytes failed: Only part of a ReadProcessMemory or WriteProcessMemory request was completed. (0x12B)
[1218/230613.273:ERROR:process_memory_win.cc(73)] ReadMemory at 0xdd43ca4000 of 6024 bytes failed: Only part of a ReadProcessMemory or WriteProcessMemory request was completed. (0x12B)
[1218/230613.273:ERROR:process_memory_win.cc(73)] ReadMemory at 0xdd43ca6000 of 6024 bytes failed: Only part of a ReadProcessMemory or WriteProcessMemory request was completed. (0x12B)
[1218/230613.273:ERROR:process_memory_win.cc(73)] ReadMemory at 0xdd43ca8000 of 6024 bytes failed: Only part of a ReadProcessMemory or WriteProcessMemory request was completed. (0x12B)
[1218/230613.273:ERROR:process_memory_win.cc(73)] ReadMemory at 0xdd43caa000 of 6024 bytes failed: Only part of a ReadProcessMemory or WriteProcessMemory request was completed. (0x12B)
[1218/230613.273:ERROR:process_memory_win.cc(73)] ReadMemory at 0xdd43cac000 of 6024 bytes failed: Only part of a ReadProcessMemory or WriteProcessMemory request was completed. (0x12B)
[1218/230613.273:ERROR:process_memory_win.cc(73)] ReadMemory at 0xdd43cae000 of 6024 bytes failed: Only part of a ReadProcessMemory or WriteProcessMemory request was completed. (0x12B)
[1218/230613.273:ERROR:process_memory_win.cc(73)] ReadMemory at 0xdd43cb0000 of 6024 bytes failed: Only part of a ReadProcessMemory or WriteProcessMemory request was completed. (0x12B)
[1218/230613.273:ERROR:process_memory_win.cc(73)] ReadMemory at 0xdd43cb2000 of 6024 bytes failed: Only part of a ReadProcessMemory or WriteProcessMemory request was completed. (0x12B)
[1218/230613.274:ERROR:process_memory_win.cc(73)] ReadMemory at 0xdd43cb4000 of 6024 bytes failed: Only part of a ReadProcessMemory or WriteProcessMemory request was completed. (0x12B)
[1218/230613.274:ERROR:process_memory_win.cc(73)] ReadMemory at 0xdd43cb6000 of 6024 bytes failed: Only part of a ReadProcessMemory or WriteProcessMemory request was completed. (0x12B)
[1218/230613.274:ERROR:process_memory_win.cc(73)] ReadMemory at 0x2806e3e0fe0 of 9216 bytes failed: Only part of a ReadProcessMemory or WriteProcessMemory request was completed. (0x12B)
[1218/230613.274:ERROR:process_memory_win.cc(73)] ReadMemory at 0x2806e3e33f0 of 1012 bytes failed: Only part of a ReadProcessMemory or WriteProcessMemory request was completed. (0x12B)
[1218/230613.274:ERROR:process_memory_win.cc(73)] ReadMemory at 0x2806e3e3a38 of 118 bytes failed: Only part of a ReadProcessMemory or WriteProcessMemory request was completed. (0x12B)
[1218/230613.274:ERROR:process_memory_win.cc(73)] ReadMemory at 0x2806e3e3ab0 of 716 bytes failed: Only part of a ReadProcessMemory or WriteProcessMemory request was completed. (0x12B)
[1218/230613.274:ERROR:process_memory_win.cc(73)] ReadMemory at 0x2806e3e3d7e of 118 bytes failed: Only part of a ReadProcessMemory or WriteProcessMemory request was completed. (0x12B)
[1218/230613.274:ERROR:process_memory_win.cc(73)] ReadMemory at 0x2806e3e3df6 of 98 bytes failed: Only part of a ReadProcessMemory or WriteProcessMemory request was completed. (0x12B)
[1218/230613.275:ERROR:process_memory_win.cc(73)] ReadMemory at 0x2806e3e3e70 of 58 bytes failed: Only part of a ReadProcessMemory or WriteProcessMemory request was completed. (0x12B)
[1218/230613.275:ERROR:process_memory_win.cc(73)] ReadMemory at 0x2806e3e3f70 of 132 bytes failed: Only part of a ReadProcessMemory or WriteProcessMemory request was completed. (0x12B)
[1218/230613.275:ERROR:process_memory_win.cc(73)] ReadMemory at 0x2806e3e4100 of 132 bytes failed: Only part of a ReadProcessMemory or WriteProcessMemory request was completed. (0x12B)
[1218/230613.275:ERROR:process_memory_win.cc(73)] ReadMemory at 0x2806e3e42c0 of 124 bytes failed: Only part of a ReadProcessMemory or WriteProcessMemory request was completed. (0x12B)
[1218/230613.275:ERROR:process_memory_win.cc(73)] ReadMemory at 0x2806e3e47c0 of 132 bytes failed: Only part of a ReadProcessMemory or WriteProcessMemory request was completed. (0x12B)
[1218/230613.275:ERROR:process_memory_win.cc(73)] ReadMemory at 0x2806e3e4950 of 64 bytes failed: Only part of a ReadProcessMemory or WriteProcessMemory request was completed. (0x12B)
[1218/230613.275:ERROR:process_memory_win.cc(73)] ReadMemory at 0x2806e3e4b10 of 132 bytes failed: Only part of a ReadProcessMemory or WriteProcessMemory request was completed. (0x12B)
[1218/230613.275:ERROR:process_memory_win.cc(73)] ReadMemory at 0x2806e3e4db0 of 132 bytes failed: Only part of a ReadProcessMemory or WriteProcessMemory request was completed. (0x12B)
[1218/230613.275:ERROR:process_memory_win.cc(73)] ReadMemory at 0x2806e3e4f40 of 68 bytes failed: Only part of a ReadProcessMemory or WriteProcessMemory request was completed. (0x12B)
[1218/230613.275:ERROR:process_memory_win.cc(73)] ReadMemory at 0x2806e3e5fd0 of 132 bytes failed: Only part of a ReadProcessMemory or WriteProcessMemory request was completed. (0x12B)
[1218/230613.275:ERROR:process_memory_win.cc(73)] ReadMemory at 0x2806e3e6160 of 152 bytes failed: Only part of a ReadProcessMemory or WriteProcessMemory request was completed. (0x12B)
[1218/230613.276:ERROR:process_memory_win.cc(73)] ReadMemory at 0x2806e3e6850 of 62 bytes failed: Only part of a ReadProcessMemory or WriteProcessMemory request was completed. (0x12B)
[1218/230613.276:ERROR:process_memory_win.cc(73)] ReadMemory at 0x2806e3e6e10 of 132 bytes failed: Only part of a ReadProcessMemory or WriteProcessMemory request was completed. (0x12B)
[1218/230613.276:ERROR:process_memory_win.cc(73)] ReadMemory at 0x2806e3e7f60 of 60 bytes failed: Only part of a ReadProcessMemory or WriteProcessMemory request was completed. (0x12B)
[1218/230613.276:ERROR:process_memory_win.cc(73)] ReadMemory at 0x2806e3edc40 of 54 bytes failed: Only part of a ReadProcessMemory or WriteProcessMemory request was completed. (0x12B)
[1218/230613.276:ERROR:process_memory_win.cc(73)] ReadMemory at 0x2806e3f0390 of 62 bytes failed: Only part of a ReadProcessMemory or WriteProcessMemory request was completed. (0x12B)
[1218/230613.276:ERROR:process_memory_win.cc(73)] ReadMemory at 0x2806e3f112a of 512 bytes failed: Only part of a ReadProcessMemory or WriteProcessMemory request was completed. (0x12B)
[1218/230613.276:ERROR:process_memory_win.cc(73)] ReadMemory at 0x2806e3f6b60 of 132 bytes failed: Only part of a ReadProcessMemory or WriteProcessMemory request was completed. (0x12B)
[1218/230613.276:ERROR:process_memory_win.cc(73)] ReadMemory at 0x2806e3f7460 of 132 bytes failed: Only part of a ReadProcessMemory or WriteProcessMemory request was completed. (0x12B)
[1218/230613.276:ERROR:process_memory_win.cc(73)] ReadMemory at 0x2806e3f76f0 of 132 bytes failed: Only part of a ReadProcessMemory or WriteProcessMemory request was completed. (0x12B)
[1218/230613.276:ERROR:process_memory_win.cc(73)] ReadMemory at 0x2806e3f7900 of 132 bytes failed: Only part of a ReadProcessMemory or WriteProcessMemory request was completed. (0x12B)
[1218/230613.276:ERROR:process_memory_win.cc(73)] ReadMemory at 0x2806e3f7c20 of 132 bytes failed: Only part of a ReadProcessMemory or WriteProcessMemory request was completed. (0x12B)
[1218/230613.276:ERROR:process_memory_win.cc(73)] ReadMemory at 0x2806e3f8530 of 80 bytes failed: Only part of a ReadProcessMemory or WriteProcessMemory request was completed. (0x12B)
[1218/230613.276:ERROR:process_memory_win.cc(73)] ReadMemory at 0x2806e3f9180 of 80 bytes failed: Only part of a ReadProcessMemory or WriteProcessMemory request was completed. (0x12B)
[1218/230613.276:ERROR:process_memory_win.cc(73)] ReadMemory at 0x2806e3f98a0 of 76 bytes failed: Only part of a ReadProcessMemory or WriteProcessMemory request was completed. (0x12B)
[1218/230613.276:ERROR:process_memory_win.cc(73)] ReadMemory at 0x2806e3faf10 of 132 bytes failed: Only part of a ReadProcessMemory or WriteProcessMemory request was completed. (0x12B)
[1218/230613.277:ERROR:process_memory_win.cc(73)] ReadMemory at 0x2806e3fb040 of 132 bytes failed: Only part of a ReadProcessMemory or WriteProcessMemory request was completed. (0x12B)
[1218/230613.277:ERROR:process_memory_win.cc(73)] ReadMemory at 0x2806e3fb170 of 132 bytes failed: Only part of a ReadProcessMemory or WriteProcessMemory request was completed. (0x12B)
[1218/230613.277:ERROR:process_memory_win.cc(73)] ReadMemory at 0x2806e3fb2a0 of 132 bytes failed: Only part of a ReadProcessMemory or WriteProcessMemory request was completed. (0x12B)
[1218/230613.277:ERROR:process_memory_win.cc(73)] ReadMemory at 0x2806e3fb3d0 of 132 bytes failed: Only part of a ReadProcessMemory or WriteProcessMemory request was completed. (0x12B)
[1218/230613.277:ERROR:process_memory_win.cc(73)] ReadMemory at 0x2806e3fb500 of 132 bytes failed: Only part of a ReadProcessMemory or WriteProcessMemory request was completed. (0x12B)
[1218/230613.277:ERROR:process_memory_win.cc(73)] ReadMemory at 0x2806e3fd0d0 of 132 bytes failed: Only part of a ReadProcessMemory or WriteProcessMemory request was completed. (0x12B)
[1218/230613.277:ERROR:process_memory_win.cc(73)] ReadMemory at 0x2806e3fd200 of 132 bytes failed: Only part of a ReadProcessMemory or WriteProcessMemory request was completed. (0x12B)
[1218/230613.277:ERROR:process_memory_win.cc(73)] ReadMemory at 0x2806e3fdd60 of 132 bytes failed: Only part of a ReadProcessMemory or WriteProcessMemory request was completed. (0x12B)
[1218/230613.277:ERROR:process_memory_win.cc(73)] ReadMemory at 0x2806e3fdfe0 of 60 bytes failed: Only part of a ReadProcessMemory or WriteProcessMemory request was completed. (0x12B)
[1218/230613.277:ERROR:process_memory_win.cc(73)] ReadMemory at 0x2806e3fe030 of 60 bytes failed: Only part of a ReadProcessMemory or WriteProcessMemory request was completed. (0x12B)
[1218/230613.277:ERROR:process_memory_win.cc(73)] ReadMemory at 0x2806e3fe080 of 62 bytes failed: Only part of a ReadProcessMemory or WriteProcessMemory request was completed. (0x12B)
[1218/230613.277:ERROR:process_memory_win.cc(73)] ReadMemory at 0x2806e3fe0d0 of 62 bytes failed: Only part of a ReadProcessMemory or WriteProcessMemory request was completed. (0x12B)
[1218/230613.277:ERROR:process_memory_win.cc(73)] ReadMemory at 0x2806e3fe120 of 64 bytes failed: Only part of a ReadProcessMemory or WriteProcessMemory request was completed. (0x12B)
[1218/230613.277:ERROR:process_memory_win.cc(73)] ReadMemory at 0x2806e3fe170 of 64 bytes failed: Only part of a ReadProcessMemory or WriteProcessMemory request was completed. (0x12B)
[1218/230613.277:ERROR:process_memory_win.cc(73)] ReadMemory at 0x2806e3fe1c0 of 66 bytes failed: Only part of a ReadProcessMemory or WriteProcessMemory request was completed. (0x12B)
[1218/230613.277:ERROR:process_memory_win.cc(73)] ReadMemory at 0x2806e3fe2b0 of 62 bytes failed: Only part of a ReadProcessMemory or WriteProcessMemory request was completed. (0x12B)
[1218/230613.278:ERROR:process_memory_win.cc(73)] ReadMemory at 0x2806e3fe3f0 of 62 bytes failed: Only part of a ReadProcessMemory or WriteProcessMemory request was completed. (0x12B)
[1218/230613.278:ERROR:process_memory_win.cc(73)] ReadMemory at 0x2806e3fe580 of 64 bytes failed: Only part of a ReadProcessMemory or WriteProcessMemory request was completed. (0x12B)
[1218/230613.278:ERROR:process_memory_win.cc(73)] ReadMemory at 0x2806e3fe620 of 64 bytes failed: Only part of a ReadProcessMemory or WriteProcessMemory request was completed. (0x12B)
[1218/230613.278:ERROR:process_memory_win.cc(73)] ReadMemory at 0x2806e3fe710 of 62 bytes failed: Only part of a ReadProcessMemory or WriteProcessMemory request was completed. (0x12B)
[1218/230613.278:ERROR:process_memory_win.cc(73)] ReadMemory at 0x2806e3fe7b0 of 62 bytes failed: Only part of a ReadProcessMemory or WriteProcessMemory request was completed. (0x12B)
[1218/230613.278:ERROR:process_memory_win.cc(73)] ReadMemory at 0x2806e3fe8a0 of 62 bytes failed: Only part of a ReadProcessMemory or WriteProcessMemory request was completed. (0x12B)
[1218/230613.278:ERROR:process_memory_win.cc(73)] ReadMemory at 0x2806e3fe8f0 of 64 bytes failed: Only part of a ReadProcessMemory or WriteProcessMemory request was completed. (0x12B)
[1218/230613.278:ERROR:process_memory_win.cc(73)] ReadMemory at 0x2806e3fe940 of 60 bytes failed: Only part of a ReadProcessMemory or WriteProcessMemory request was completed. (0x12B)
[1218/230613.278:ERROR:process_memory_win.cc(73)] ReadMemory at 0x2806e3fea80 of 62 bytes failed: Only part of a ReadProcessMemory or WriteProcessMemory request was completed. (0x12B)
[1218/230613.278:ERROR:process_memory_win.cc(73)] ReadMemory at 0x2806e3feb20 of 66 bytes failed: Only part of a ReadProcessMemory or WriteProcessMemory request was completed. (0x12B)
[1218/230613.278:ERROR:process_memory_win.cc(73)] ReadMemory at 0x2806e3feb70 of 62 bytes failed: Only part of a ReadProcessMemory or WriteProcessMemory request was completed. (0x12B)
[1218/230613.278:ERROR:process_memory_win.cc(73)] ReadMemory at 0x2806e3febc0 of 60 bytes failed: Only part of a ReadProcessMemory or WriteProcessMemory request was completed. (0x12B)
[1218/230613.278:ERROR:process_memory_win.cc(73)] ReadMemory at 0x2806e3fec10 of 60 bytes failed: Only part of a ReadProcessMemory or WriteProcessMemory request was completed. (0x12B)
[1218/230613.278:ERROR:process_memory_win.cc(73)] ReadMemory at 0x2806e3fec60 of 58 bytes failed: Only part of a ReadProcessMemory or WriteProcessMemory request was completed. (0x12B)
[1218/230613.278:ERROR:process_memory_win.cc(73)] ReadMemory at 0x2806e3fecb0 of 64 bytes failed: Only part of a ReadProcessMemory or WriteProcessMemory request was completed. (0x12B)
[1218/230613.279:ERROR:process_memory_win.cc(73)] ReadMemory at 0x2806e3fed00 of 60 bytes failed: Only part of a ReadProcessMemory or WriteProcessMemory request was completed. (0x12B)
[1218/230613.279:ERROR:process_memory_win.cc(73)] ReadMemory at 0x2806e3fed50 of 64 bytes failed: Only part of a ReadProcessMemory or WriteProcessMemory request was completed. (0x12B)
[1218/230613.279:ERROR:process_memory_win.cc(73)] ReadMemory at 0x2806e3fef30 of 64 bytes failed: Only part of a ReadProcessMemory or WriteProcessMemory request was completed. (0x12B)
[1218/230613.279:ERROR:process_memory_win.cc(73)] ReadMemory at 0x2806e401470 of 132 bytes failed: Only part of a ReadProcessMemory or WriteProcessMemory request was completed. (0x12B)
[1218/230613.279:ERROR:process_memory_win.cc(73)] ReadMemory at 0x2806e4015a0 of 144 bytes failed: Only part of a ReadProcessMemory or WriteProcessMemory request was completed. (0x12B)
[1218/230613.279:ERROR:process_memory_win.cc(73)] ReadMemory at 0x2806e404810 of 132 bytes failed: Only part of a ReadProcessMemory or WriteProcessMemory request was completed. (0x12B)
[1218/230613.279:ERROR:process_memory_win.cc(73)] ReadMemory at 0x2806e404a70 of 132 bytes failed: Only part of a ReadProcessMemory or WriteProcessMemory request was completed. (0x12B)
[1218/230613.279:ERROR:process_memory_win.cc(73)] ReadMemory at 0x2806e404cd0 of 132 bytes failed: Only part of a ReadProcessMemory or WriteProcessMemory request was completed. (0x12B)
[1218/230613.279:ERROR:process_memory_win.cc(73)] ReadMemory at 0x2806e404e00 of 132 bytes failed: Only part of a ReadProcessMemory or WriteProcessMemory request was completed. (0x12B)
[1218/230613.279:ERROR:process_memory_win.cc(73)] ReadMemory at 0x2806e404f30 of 132 bytes failed: Only part of a ReadProcessMemory or WriteProcessMemory request was completed. (0x12B)
[1218/230613.279:ERROR:process_memory_win.cc(73)] ReadMemory at 0x2806e405060 of 132 bytes failed: Only part of a ReadProcessMemory or WriteProcessMemory request was completed. (0x12B)
[1218/230613.279:ERROR:process_memory_win.cc(73)] ReadMemory at 0x2806e4053f0 of 132 bytes failed: Only part of a ReadProcessMemory or WriteProcessMemory request was completed. (0x12B)
[1218/230613.279:ERROR:process_memory_win.cc(73)] ReadMemory at 0x2806e405520 of 132 bytes failed: Only part of a ReadProcessMemory or WriteProcessMemory request was completed. (0x12B)
[1218/230613.279:ERROR:process_memory_win.cc(73)] ReadMemory at 0x2806e405650 of 132 bytes failed: Only part of a ReadProcessMemory or WriteProcessMemory request was completed. (0x12B)
[1218/230613.279:ERROR:process_memory_win.cc(73)] ReadMemory at 0x2806e405780 of 132 bytes failed: Only part of a ReadProcessMemory or WriteProcessMemory request was completed. (0x12B)
[1218/230613.279:ERROR:process_memory_win.cc(73)] ReadMemory at 0x2806e4058b0 of 132 bytes failed: Only part of a ReadProcessMemory or WriteProcessMemory request was completed. (0x12B)
[1218/230613.280:ERROR:process_memory_win.cc(73)] ReadMemory at 0x2806e405b10 of 132 bytes failed: Only part of a ReadProcessMemory or WriteProcessMemory request was completed. (0x12B)
[1218/230613.280:ERROR:process_memory_win.cc(73)] ReadMemory at 0x2806e405c40 of 132 bytes failed: Only part of a ReadProcessMemory or WriteProcessMemory request was completed. (0x12B)
[1218/230613.280:ERROR:process_memory_win.cc(73)] ReadMemory at 0x2806e405fd0 of 132 bytes failed: Only part of a ReadProcessMemory or WriteProcessMemory request was completed. (0x12B)
[1218/230613.280:ERROR:process_memory_win.cc(73)] ReadMemory at 0x2806e406230 of 132 bytes failed: Only part of a ReadProcessMemory or WriteProcessMemory request was completed. (0x12B)
[1218/230613.280:ERROR:process_memory_win.cc(73)] ReadMemory at 0x2806e406490 of 132 bytes failed: Only part of a ReadProcessMemory or WriteProcessMemory request was completed. (0x12B)
[1218/230613.280:ERROR:process_memory_win.cc(73)] ReadMemory at 0x2806e4065c0 of 132 bytes failed: Only part of a ReadProcessMemory or WriteProcessMemory request was completed. (0x12B)
[1218/230613.280:ERROR:process_memory_win.cc(73)] ReadMemory at 0x2806e432d88 of 512 bytes failed: Only part of a ReadProcessMemory or WriteProcessMemory request was completed. (0x12B)
[1218/230613.280:ERROR:process_memory_win.cc(73)] ReadMemory at 0x2806e433178 of 512 bytes failed: Only part of a ReadProcessMemory or WriteProcessMemory request was completed. (0x12B)
[1218/230613.280:ERROR:process_memory_win.cc(73)] ReadMemory at 0x2806e433448 of 512 bytes failed: Only part of a ReadProcessMemory or WriteProcessMemory request was completed. (0x12B)
[1218/230613.280:ERROR:process_memory_win.cc(73)] ReadMemory at 0x2806e433718 of 944 bytes failed: Only part of a ReadProcessMemory or WriteProcessMemory request was completed. (0x12B)
[1218/230613.280:ERROR:process_memory_win.cc(73)] ReadMemory at 0x2806e449f60 of 512 bytes failed: Only part of a ReadProcessMemory or WriteProcessMemory request was completed. (0x12B)
[1218/230613.280:ERROR:process_memory_win.cc(73)] ReadMemory at 0x2806e45be50 of 512 bytes failed: Only part of a ReadProcessMemory or WriteProcessMemory request was completed. (0x12B)
[1218/230613.280:ERROR:process_memory_win.cc(73)] ReadMemory at 0x2806e45c750 of 512 bytes failed: Only part of a ReadProcessMemory or WriteProcessMemory request was completed. (0x12B)
[1218/230613.280:ERROR:process_memory_win.cc(73)] ReadMemory at 0x2806e45d450 of 512 bytes failed: Only part of a ReadProcessMemory or WriteProcessMemory request was completed. (0x12B)
[1218/230613.280:ERROR:process_memory_win.cc(73)] ReadMemory at 0x2806e471910 of 512 bytes failed: Only part of a ReadProcessMemory or WriteProcessMemory request was completed. (0x12B)
[1218/230613.280:ERROR:process_memory_win.cc(73)] ReadMemory at 0x2806e476810 of 712 bytes failed: Only part of a ReadProcessMemory or WriteProcessMemory request was completed. (0x12B)
[1218/230613.281:ERROR:process_memory_win.cc(73)] ReadMemory at 0x2806e479120 of 512 bytes failed: Only part of a ReadProcessMemory or WriteProcessMemory request was completed. (0x12B)
[1218/230613.281:ERROR:process_memory_win.cc(73)] ReadMemory at 0x2806e4a6800 of 512 bytes failed: Only part of a ReadProcessMemory or WriteProcessMemory request was completed. (0x12B)
[1218/230613.281:ERROR:process_memory_win.cc(73)] ReadMemory at 0x2806e4b67d0 of 512 bytes failed: Only part of a ReadProcessMemory or WriteProcessMemory request was completed. (0x12B)
[1218/230613.281:ERROR:process_memory_win.cc(73)] ReadMemory at 0x2806e4b88e6 of 1344 bytes failed: Only part of a ReadProcessMemory or WriteProcessMemory request was completed. (0x12B)
[1218/230613.281:ERROR:process_memory_win.cc(73)] ReadMemory at 0x2806e4b9db0 of 512 bytes failed: Only part of a ReadProcessMemory or WriteProcessMemory request was completed. (0x12B)
[1218/230613.281:ERROR:process_memory_win.cc(73)] ReadMemory at 0x2806e600c40 of 512 bytes failed: Only part of a ReadProcessMemory or WriteProcessMemory request was completed. (0x12B)
[1218/230613.281:ERROR:process_memory_win.cc(73)] ReadMemory at 0x2806e601000 of 512 bytes failed: Only part of a ReadProcessMemory or WriteProcessMemory request was completed. (0x12B)
[1218/230613.281:ERROR:process_memory_win.cc(73)] ReadMemory at 0x2806ff90000 of 384 bytes failed: Only part of a ReadProcessMemory or WriteProcessMemory request was completed. (0x12B)
[1218/230613.281:ERROR:process_memory_win.cc(73)] ReadMemory at 0x280702b2530 of 512 bytes failed: Only part of a ReadProcessMemory or WriteProcessMemory request was completed. (0x12B)
[1218/230613.281:ERROR:process_memory_win.cc(73)] ReadMemory at 0x280702ff220 of 512 bytes failed: Only part of a ReadProcessMemory or WriteProcessMemory request was completed. (0x12B)
[1218/230613.281:ERROR:process_memory_win.cc(73)] ReadMemory at 0x28070b7ef28 of 512 bytes failed: Only part of a ReadProcessMemory or WriteProcessMemory request was completed. (0x12B)
[1218/230613.281:ERROR:process_memory_win.cc(73)] ReadMemory at 0x26ed9a6a4868 of 512 bytes failed: Only part of a ReadProcessMemory or WriteProcessMemory request was completed. (0x12B)
[1218/230613.281:ERROR:process_memory_win.cc(73)] ReadMemory at 0x7ff83f9ffa45 of 512 bytes failed: Only part of a ReadProcessMemory or WriteProcessMemory request was completed. (0x12B)
[1218/230613.281:ERROR:process_memory_win.cc(73)] ReadMemory at 0x7ff843cd33b0 of 512 bytes failed: Only part of a ReadProcessMemory or WriteProcessMemory request was completed. (0x12B)
[1218/230613.282:ERROR:process_memory_win.cc(73)] ReadMemory at 0x7ff8446c3438 of 512 bytes failed: Only part of a ReadProcessMemory or WriteProcessMemory request was completed. (0x12B)
[1218/230613.282:ERROR:process_memory_win.cc(73)] ReadMemory at 0x7ff88068d6e0 of 512 bytes failed: Only part of a ReadProcessMemory or WriteProcessMemory request was completed. (0x12B)
[1218/230613.282:ERROR:process_memory_win.cc(73)] ReadMemory at 0x7ff880c71fd0 of 512 bytes failed: Only part of a ReadProcessMemory or WriteProcessMemory request was completed. (0x12B)
[1218/230613.282:ERROR:process_memory_win.cc(73)] ReadMemory at 0x7ff8826bc6f4 of 672 bytes failed: Only part of a ReadProcessMemory or WriteProcessMemory request was completed. (0x12B)
[1218/230613.282:ERROR:process_memory_win.cc(73)] ReadMemory at 0x7ff8826bccf4 of 512 bytes failed: Only part of a ReadProcessMemory or WriteProcessMemory request was completed. (0x12B)
[1218/230613.282:ERROR:process_memory_win.cc(73)] ReadMemory at 0x7ff8826bffa4 of 608 bytes failed: Only part of a ReadProcessMemory or WriteProcessMemory request was completed. (0x12B)
[1218/230613.282:ERROR:process_memory_win.cc(73)] ReadMemory at 0x7ff88274c428 of 18 bytes failed: Only part of a ReadProcessMemory or WriteProcessMemory request was completed. (0x12B)
[1218/230613.282:ERROR:process_memory_win.cc(73)] ReadMemory at 0x7ff88277f4f8 of 40 bytes failed: Only part of a ReadProcessMemory or WriteProcessMemory request was completed. (0x12B)
[1218/230613.282:ERROR:process_memory_win.cc(73)] ReadMemory at 0x7ff88277f978 of 48 bytes failed: Only part of a ReadProcessMemory or WriteProcessMemory request was completed. (0x12B)
[1218/230613.282:ERROR:process_memory_win.cc(73)] ReadMemory at 0x7ff8827853c0 of 64 bytes failed: Only part of a ReadProcessMemory or WriteProcessMemory request was completed. (0x12B)
[1218/230613.284:ERROR:scoped_process_suspend.cc(40)] NtResumeProcess: An attempt was made to access an exiting process. (0xc000010a)
[1221/065335.099:ERROR:directory_reader_win.cc(43)] FindFirstFile: The system cannot find the path specified. (0x3)
